apk/source/app/build/intermediates/manifest_merge_blame_file/release/manifest-merger-blame-release-report.txt
1<?xml version="1.0" encoding="utf-8"?>
2<!--
3    Copyright 2019 Google Inc. All Rights Reserved.
4
5     Licensed under the Apache License, Version 2.0 (the "License");
6     you may not use this file except in compliance with the License.
7     You may obtain a copy of the License at
8
9         http://www.apache.org/licenses/LICENSE-2.0
10
11     Unless required by applicable law or agreed to in writing, software
12     distributed under the License is distributed on an "AS IS" BASIS,
13     WITHOUT WARRANTIES OR CONDITIONS OF ANY KIND, either express or implied.
14     See the License for the specific language governing permissions and
15     limitations under the License.
16-->
17<!--
18 The "package" attribute is rewritten by the Gradle build with the value of applicationId.
19     It is still required here, as it is used to derive paths, for instance when referring
20     to an Activity by ".MyActivity" instead of the full name. If more Activities are added to the
21     application, the package attribute will need to reflect the correct path in order to use
22     the abbreviated format.
23-->
24<manifest xmlns:android="http://schemas.android.com/apk/res/android"
25    package="app.vercel.my_password.twa"
26    android:versionCode="1"
27    android:versionName="1.0.0.0" >
28
29    <uses-sdk
30        android:minSdkVersion="19"
30-->src/main/AndroidManifest.xml
31        android:targetSdkVersion="29" />
31-->src/main/AndroidManifest.xml
32
33    <uses-permission android:name="android.permission.INTERNET" />
33-->src/main/AndroidManifest.xml:26:9-70
33-->src/main/AndroidManifest.xml:26:26-68
34
35    <uses-feature
35-->src/main/AndroidManifest.xml:30:5-77
36        android:name="org.chromium.arc"
36-->src/main/AndroidManifest.xml:30:19-50
37        android:required="true" />
37-->src/main/AndroidManifest.xml:30:51-74
38
39    <uses-permission android:name="android.permission.ACCESS_FINE_LOCATION" />
39-->[com.google.androidbrowserhelper:locationdelegation:1.0.0] AndroidManifest.xml:11:5-79
39-->[com.google.androidbrowserhelper:locationdelegation:1.0.0] AndroidManifest.xml:11:22-76
40
41    <queries>
41-->[com.google.androidbrowserhelper:androidbrowserhelper:2.2.0] AndroidManifest.xml:26:5-34:15
42        <intent>
42-->[com.google.androidbrowserhelper:androidbrowserhelper:2.2.0] AndroidManifest.xml:27:9-33:18
43            <action android:name="android.intent.action.VIEW" />
43-->src/main/AndroidManifest.xml:128:17-68
43-->src/main/AndroidManifest.xml:128:25-66
44
45            <category android:name="android.intent.category.BROWSABLE" />
45-->src/main/AndroidManifest.xml:130:17-77
45-->src/main/AndroidManifest.xml:130:27-75
46
47            <data android:scheme="https" />
47-->src/main/AndroidManifest.xml:131:17-132:54
47-->src/main/AndroidManifest.xml:131:23-45
48        </intent>
49    </queries>
50
51    <application
51-->src/main/AndroidManifest.xml:33:5-168:19
52        android:name="app.vercel.my_password.twa.Application"
52-->src/main/AndroidManifest.xml:34:9-35
53        android:allowBackup="true"
53-->src/main/AndroidManifest.xml:35:9-35
54        android:appComponentFactory="androidx.core.app.CoreComponentFactory"
54-->[androidx.core:core:1.1.0] AndroidManifest.xml:24:18-86
55        android:icon="@mipmap/ic_launcher"
55-->src/main/AndroidManifest.xml:36:9-43
56        android:label="@string/appName"
56-->src/main/AndroidManifest.xml:37:9-40
57        android:manageSpaceActivity="com.google.androidbrowserhelper.trusted.ManageDataLauncherActivity"
57-->src/main/AndroidManifest.xml:39:9-105
58        android:supportsRtl="true"
58-->src/main/AndroidManifest.xml:41:9-35
59        android:theme="@android:style/Theme.Translucent.NoTitleBar" >
59-->src/main/AndroidManifest.xml:42:9-68
60        <meta-data
60-->src/main/AndroidManifest.xml:44:9-46:58
61            android:name="asset_statements"
61-->src/main/AndroidManifest.xml:45:13-44
62            android:resource="@string/assetStatements" />
62-->src/main/AndroidManifest.xml:46:13-55
63        <meta-data
63-->src/main/AndroidManifest.xml:49:13-51:58
64            android:name="web_manifest_url"
64-->src/main/AndroidManifest.xml:50:17-48
65            android:value="@string/webManifestUrl" />
65-->src/main/AndroidManifest.xml:51:17-55
66        <meta-data
66-->src/main/AndroidManifest.xml:54:9-56:52
67            android:name="twa_generator"
67-->src/main/AndroidManifest.xml:55:13-41
68            android:value="@string/generatorApp" />
68-->src/main/AndroidManifest.xml:56:13-49
69
70        <activity android:name="com.google.androidbrowserhelper.trusted.ManageDataLauncherActivity" >
70-->src/main/AndroidManifest.xml:59:13-63:24
70-->src/main/AndroidManifest.xml:59:23-104
71            <meta-data
71-->src/main/AndroidManifest.xml:60:13-62:53
72                android:name="android.support.customtabs.trusted.MANAGE_SPACE_URL"
72-->src/main/AndroidManifest.xml:61:17-83
73                android:value="@string/launchUrl" />
73-->src/main/AndroidManifest.xml:62:17-50
74        </activity>
75        <activity
75-->src/main/AndroidManifest.xml:66:9-134:20
76            android:name="app.vercel.my_password.twa.LauncherActivity"
76-->src/main/AndroidManifest.xml:66:19-50
77            android:alwaysRetainTaskState="true"
77-->src/main/AndroidManifest.xml:68:13-49
78            android:label="@string/launcherName"
78-->src/main/AndroidManifest.xml:69:13-49
79            android:screenOrientation="landscape" >
79-->src/main/AndroidManifest.xml:67:13-50
80            <meta-data
80-->src/main/AndroidManifest.xml:70:13-71:53
81                android:name="android.support.customtabs.trusted.DEFAULT_URL"
81-->src/main/AndroidManifest.xml:70:24-85
82                android:value="@string/launchUrl" />
82-->src/main/AndroidManifest.xml:71:17-50
83            <meta-data
83-->src/main/AndroidManifest.xml:73:13-75:58
84                android:name="android.support.customtabs.trusted.STATUS_BAR_COLOR"
84-->src/main/AndroidManifest.xml:74:17-83
85                android:resource="@color/colorPrimary" />
85-->src/main/AndroidManifest.xml:75:17-55
86            <meta-data
86-->src/main/AndroidManifest.xml:77:13-79:61
87                android:name="android.support.customtabs.trusted.NAVIGATION_BAR_COLOR"
87-->src/main/AndroidManifest.xml:78:17-87
88                android:resource="@color/navigationColor" />
88-->src/main/AndroidManifest.xml:79:17-58
89            <meta-data
89-->src/main/AndroidManifest.xml:81:13-83:65
90                android:name="android.support.customtabs.trusted.NAVIGATION_BAR_COLOR_DARK"
90-->src/main/AndroidManifest.xml:82:17-92
91                android:resource="@color/navigationColorDark" />
91-->src/main/AndroidManifest.xml:83:17-62
92            <meta-data
92-->src/main/AndroidManifest.xml:85:13-87:68
93                android:name="androix.browser.trusted.NAVIGATION_BAR_DIVIDER_COLOR"
93-->src/main/AndroidManifest.xml:86:17-84
94                android:resource="@color/navigationDividerColor" />
94-->src/main/AndroidManifest.xml:87:17-65
95            <meta-data
95-->src/main/AndroidManifest.xml:89:13-91:72
96                android:name="androix.browser.trusted.NAVIGATION_BAR_DIVIDER_COLOR_DARK"
96-->src/main/AndroidManifest.xml:90:17-89
97                android:resource="@color/navigationDividerColorDark" />
97-->src/main/AndroidManifest.xml:91:17-69
98            <meta-data
98-->src/main/AndroidManifest.xml:93:13-94:54
99                android:name="android.support.customtabs.trusted.SPLASH_IMAGE_DRAWABLE"
99-->src/main/AndroidManifest.xml:93:24-95
100                android:resource="@drawable/splash" />
100-->src/main/AndroidManifest.xml:94:17-52
101            <meta-data
101-->src/main/AndroidManifest.xml:96:13-97:60
102                android:name="android.support.customtabs.trusted.SPLASH_SCREEN_BACKGROUND_COLOR"
102-->src/main/AndroidManifest.xml:96:24-104
103                android:resource="@color/backgroundColor" />
103-->src/main/AndroidManifest.xml:97:17-58
104            <meta-data
104-->src/main/AndroidManifest.xml:99:13-100:71
105                android:name="android.support.customtabs.trusted.SPLASH_SCREEN_FADE_OUT_DURATION"
105-->src/main/AndroidManifest.xml:99:24-105
106                android:value="@integer/splashScreenFadeOutDuration" />
106-->src/main/AndroidManifest.xml:100:17-69
107            <meta-data
107-->src/main/AndroidManifest.xml:102:13-103:60
108                android:name="android.support.customtabs.trusted.FILE_PROVIDER_AUTHORITY"
108-->src/main/AndroidManifest.xml:102:24-97
109                android:value="@string/providerAuthority" />
109-->src/main/AndroidManifest.xml:103:17-58
110            <meta-data
110-->src/main/AndroidManifest.xml:105:13-97
111                android:name="android.app.shortcuts"
111-->src/main/AndroidManifest.xml:105:24-60
112                android:resource="@xml/shortcuts" />
112-->src/main/AndroidManifest.xml:105:61-94
113            <meta-data
113-->src/main/AndroidManifest.xml:107:13-108:56
114                android:name="android.support.customtabs.trusted.FALLBACK_STRATEGY"
114-->src/main/AndroidManifest.xml:107:24-91
115                android:value="@string/fallbackType" />
115-->src/main/AndroidManifest.xml:108:17-53
116            <meta-data
116-->src/main/AndroidManifest.xml:113:13-114:45
117                android:name="android.support.customtabs.trusted.DISPLAY_MODE"
117-->src/main/AndroidManifest.xml:113:24-86
118                android:value="immersive" />
118-->src/main/AndroidManifest.xml:114:17-42
119            <meta-data
119-->src/main/AndroidManifest.xml:117:13-118:54
120                android:name="android.support.customtabs.trusted.SCREEN_ORIENTATION"
120-->src/main/AndroidManifest.xml:117:24-92
121                android:value="@string/orientation" />
121-->src/main/AndroidManifest.xml:118:17-52
122
123            <intent-filter>
123-->src/main/AndroidManifest.xml:122:13-125:29
124                <action android:name="android.intent.action.MAIN" />
124-->src/main/AndroidManifest.xml:123:17-69
124-->src/main/AndroidManifest.xml:123:25-66
125
126                <category android:name="android.intent.category.LAUNCHER" />
126-->src/main/AndroidManifest.xml:124:17-77
126-->src/main/AndroidManifest.xml:124:27-74
127            </intent-filter>
128            <intent-filter android:autoVerify="true" >
128-->src/main/AndroidManifest.xml:127:13-133:29
128-->src/main/AndroidManifest.xml:127:28-53
129                <action android:name="android.intent.action.VIEW" />
129-->src/main/AndroidManifest.xml:128:17-68
129-->src/main/AndroidManifest.xml:128:25-66
130
131                <category android:name="android.intent.category.DEFAULT" />
131-->src/main/AndroidManifest.xml:129:17-76
131-->src/main/AndroidManifest.xml:129:27-73
132                <category android:name="android.intent.category.BROWSABLE" />
132-->src/main/AndroidManifest.xml:130:17-77
132-->src/main/AndroidManifest.xml:130:27-75
133
134                <data
134-->src/main/AndroidManifest.xml:131:17-132:54
135                    android:host="@string/hostName"
135-->src/main/AndroidManifest.xml:132:21-52
136                    android:scheme="https" />
136-->src/main/AndroidManifest.xml:131:23-45
137            </intent-filter>
138        </activity>
139        <activity android:name="com.google.androidbrowserhelper.trusted.FocusActivity" />
139-->src/main/AndroidManifest.xml:136:9-90
139-->src/main/AndroidManifest.xml:136:19-87
140        <activity
140-->src/main/AndroidManifest.xml:138:9-139:62
141            android:name="com.google.androidbrowserhelper.trusted.WebViewFallbackActivity"
141-->src/main/AndroidManifest.xml:138:19-97
142            android:configChanges="orientation|screenSize" />
142-->src/main/AndroidManifest.xml:139:13-59
143
144        <provider
144-->src/main/AndroidManifest.xml:141:9-149:20
145            android:name="androidx.core.content.FileProvider"
145-->src/main/AndroidManifest.xml:142:13-62
146            android:authorities="@string/providerAuthority"
146-->src/main/AndroidManifest.xml:143:13-60
147            android:exported="false"
147-->src/main/AndroidManifest.xml:145:13-37
148            android:grantUriPermissions="true" >
148-->src/main/AndroidManifest.xml:144:13-47
149            <meta-data
149-->src/main/AndroidManifest.xml:146:13-148:53
150                android:name="android.support.FILE_PROVIDER_PATHS"
150-->src/main/AndroidManifest.xml:147:17-67
151                android:resource="@xml/filepaths" />
151-->src/main/AndroidManifest.xml:148:17-50
152        </provider>
153
154        <service
154-->src/main/AndroidManifest.xml:151:9-162:19
155            android:name="app.vercel.my_password.twa.DelegationService"
155-->src/main/AndroidManifest.xml:152:13-46
156            android:enabled="@bool/enableNotification"
156-->src/main/AndroidManifest.xml:153:13-55
157            android:exported="@bool/enableNotification" >
157-->src/main/AndroidManifest.xml:154:13-56
158            <intent-filter>
158-->src/main/AndroidManifest.xml:158:13-161:29
159                <action android:name="android.support.customtabs.trusted.TRUSTED_WEB_ACTIVITY_SERVICE" />
159-->src/main/AndroidManifest.xml:159:17-105
159-->src/main/AndroidManifest.xml:159:25-103
160
161                <category android:name="android.intent.category.DEFAULT" />
161-->src/main/AndroidManifest.xml:129:17-76
161-->src/main/AndroidManifest.xml:129:27-73
162            </intent-filter>
163        </service>
164
165        <activity android:name="com.google.androidbrowserhelper.locationdelegation.PermissionRequestActivity" />
165-->src/main/AndroidManifest.xml:165:13-166:89
165-->src/main/AndroidManifest.xml:165:23-123
166        <activity
166-->[com.google.android.gms:play-services-base:17.0.0] AndroidManifest.xml:23:9-26:75
167            android:name="com.google.android.gms.common.api.GoogleApiActivity"
167-->[com.google.android.gms:play-services-base:17.0.0] AndroidManifest.xml:24:13-79
168            android:exported="false"
168-->[com.google.android.gms:play-services-base:17.0.0] AndroidManifest.xml:25:13-37
169            android:theme="@android:style/Theme.Translucent.NoTitleBar" />
169-->[com.google.android.gms:play-services-base:17.0.0] AndroidManifest.xml:26:13-72
170
171        <meta-data
171-->[com.google.android.gms:play-services-basement:17.0.0] AndroidManifest.xml:23:9-25:69
172            android:name="com.google.android.gms.version"
172-->[com.google.android.gms:play-services-basement:17.0.0] AndroidManifest.xml:24:13-58
173            android:value="@integer/google_play_services_version" />
173-->[com.google.android.gms:play-services-basement:17.0.0] AndroidManifest.xml:25:13-66
174    </application>
175
176</manifest>